2020-02-17 10:16:39,783 INFO [main] c.n.c.MapperTests [StartupInfoLogger.java:50] Starting MapperTests on DESKTOP-9CP1R6J with PID 5768 (started by 刘浩科 in D:\Program Files\CodeBase\community)
2020-02-17 10:16:39,790 INFO [main] c.n.c.MapperTests [SpringApplication.java:675] No active profile set, falling back to default profiles: default
2020-02-17 10:16:42,053 INFO [main] o.s.s.c.ThreadPoolTaskExecutor [ExecutorConfigurationSupport.java:171] Initializing ExecutorService 'applicationTaskExecutor'
2020-02-17 10:16:42,251 INFO [main] o.s.b.a.w.s.WelcomePageHandlerMapping [WelcomePageHandlerMapping.java:61] Adding welcome page template: index
2020-02-17 10:16:42,496 INFO [main] c.n.c.MapperTests [StartupInfoLogger.java:59] Started MapperTests in 3.154 seconds (JVM running for 4.395)
2020-02-17 10:16:42,962 INFO [main] c.z.h.HikariDataSource [HikariDataSource.java:110] HikariPool-1 - Starting...
2020-02-17 10:16:43,119 INFO [main] c.z.h.HikariDataSource [HikariDataSource.java:123] HikariPool-1 - Start completed.
2020-02-17 10:16:43,219 INFO [Thread-2] o.s.s.c.ThreadPoolTaskExecutor [ExecutorConfigurationSupport.java:208] Shutting down ExecutorService 'applicationTaskExecutor'
2020-02-17 10:16:43,220 INFO [Thread-2] c.z.h.HikariDataSource [HikariDataSource.java:350] HikariPool-1 - Shutdown initiated...
2020-02-17 10:16:43,230 INFO [Thread-2] c.z.h.HikariDataSource [HikariDataSource.java:352] HikariPool-1 - Shutdown completed.
2020-02-17 10:21:59,597 INFO [main] c.n.c.MapperTests [StartupInfoLogger.java:50] Starting MapperTests on DESKTOP-9CP1R6J with PID 11084 (started by 刘浩科 in D:\Program Files\CodeBase\community)
2020-02-17 10:21:59,600 INFO [main] c.n.c.MapperTests [SpringApplication.java:675] No active profile set, falling back to default profiles: default
2020-02-17 10:22:01,846 INFO [main] o.s.s.c.ThreadPoolTaskExecutor [ExecutorConfigurationSupport.java:171] Initializing ExecutorService 'applicationTaskExecutor'
2020-02-17 10:22:02,022 INFO [main] o.s.b.a.w.s.WelcomePageHandlerMapping [WelcomePageHandlerMapping.java:61] Adding welcome page template: index
2020-02-17 10:22:02,295 INFO [main] c.n.c.MapperTests [StartupInfoLogger.java:59] Started MapperTests in 3.214 seconds (JVM running for 4.035)
2020-02-17 10:22:02,674 INFO [main] c.z.h.HikariDataSource [HikariDataSource.java:110] HikariPool-1 - Starting...
2020-02-17 10:22:02,823 INFO [main] c.z.h.HikariDataSource [HikariDataSource.java:123] HikariPool-1 - Start completed.
2020-02-17 10:22:02,970 INFO [Thread-2] o.s.s.c.ThreadPoolTaskExecutor [ExecutorConfigurationSupport.java:208] Shutting down ExecutorService 'applicationTaskExecutor'
2020-02-17 10:22:02,971 INFO [Thread-2] c.z.h.HikariDataSource [HikariDataSource.java:350] HikariPool-1 - Shutdown initiated...
2020-02-17 10:22:02,983 INFO [Thread-2] c.z.h.HikariDataSource [HikariDataSource.java:352] HikariPool-1 - Shutdown completed.
2020-02-17 10:23:48,618 INFO [main] c.n.c.MapperTests [StartupInfoLogger.java:50] Starting MapperTests on DESKTOP-9CP1R6J with PID 15616 (started by 刘浩科 in D:\Program Files\CodeBase\community)
2020-02-17 10:23:48,621 INFO [main] c.n.c.MapperTests [SpringApplication.java:675] No active profile set, falling back to default profiles: default
2020-02-17 10:23:50,696 INFO [main] o.s.s.c.ThreadPoolTaskExecutor [ExecutorConfigurationSupport.java:171] Initializing ExecutorService 'applicationTaskExecutor'
2020-02-17 10:23:50,842 INFO [main] o.s.b.a.w.s.WelcomePageHandlerMapping [WelcomePageHandlerMapping.java:61] Adding welcome page template: index
2020-02-17 10:23:51,097 INFO [main] c.n.c.MapperTests [StartupInfoLogger.java:59] Started MapperTests in 2.952 seconds (JVM running for 3.705)
2020-02-17 10:23:51,466 INFO [main] c.z.h.HikariDataSource [HikariDataSource.java:110] HikariPool-1 - Starting...
2020-02-17 10:23:51,630 INFO [main] c.z.h.HikariDataSource [HikariDataSource.java:123] HikariPool-1 - Start completed.
2020-02-17 10:23:51,738 INFO [Thread-2] o.s.s.c.ThreadPoolTaskExecutor [ExecutorConfigurationSupport.java:208] Shutting down ExecutorService 'applicationTaskExecutor'
2020-02-17 10:23:51,740 INFO [Thread-2] c.z.h.HikariDataSource [HikariDataSource.java:350] HikariPool-1 - Shutdown initiated...
2020-02-17 10:23:51,750 INFO [Thread-2] c.z.h.HikariDataSource [HikariDataSource.java:352] HikariPool-1 - Shutdown completed.
2020-02-17 10:25:51,131 INFO [main] c.n.c.MapperTests [StartupInfoLogger.java:50] Starting MapperTests on DESKTOP-9CP1R6J with PID 1984 (started by 刘浩科 in D:\Program Files\CodeBase\community)
2020-02-17 10:25:51,132 INFO [main] c.n.c.MapperTests [SpringApplication.java:675] No active profile set, falling back to default profiles: default
2020-02-17 10:25:53,250 INFO [main] o.s.s.c.ThreadPoolTaskExecutor [ExecutorConfigurationSupport.java:171] Initializing ExecutorService 'applicationTaskExecutor'
2020-02-17 10:25:53,423 INFO [main] o.s.b.a.w.s.WelcomePageHandlerMapping [WelcomePageHandlerMapping.java:61] Adding welcome page template: index
2020-02-17 10:25:53,658 INFO [main] c.n.c.MapperTests [StartupInfoLogger.java:59] Started MapperTests in 3.086 seconds (JVM running for 3.894)
2020-02-17 10:25:54,063 INFO [main] c.z.h.HikariDataSource [HikariDataSource.java:110] HikariPool-1 - Starting...
2020-02-17 10:25:54,232 INFO [main] c.z.h.HikariDataSource [HikariDataSource.java:123] HikariPool-1 - Start completed.
2020-02-17 10:25:54,305 INFO [Thread-2] o.s.s.c.ThreadPoolTaskExecutor [ExecutorConfigurationSupport.java:208] Shutting down ExecutorService 'applicationTaskExecutor'
2020-02-17 10:25:54,307 INFO [Thread-2] c.z.h.HikariDataSource [HikariDataSource.java:350] HikariPool-1 - Shutdown initiated...
2020-02-17 10:25:54,314 INFO [Thread-2] c.z.h.HikariDataSource [HikariDataSource.java:352] HikariPool-1 - Shutdown completed.
2020-02-17 10:28:30,171 INFO [main] c.n.c.MapperTests [StartupInfoLogger.java:50] Starting MapperTests on DESKTOP-9CP1R6J with PID 18116 (started by 刘浩科 in D:\Program Files\CodeBase\community)
2020-02-17 10:28:30,175 INFO [main] c.n.c.MapperTests [SpringApplication.java:675] No active profile set, falling back to default profiles: default
2020-02-17 10:28:32,467 INFO [main] o.s.s.c.ThreadPoolTaskExecutor [ExecutorConfigurationSupport.java:171] Initializing ExecutorService 'applicationTaskExecutor'
2020-02-17 10:28:32,652 INFO [main] o.s.b.a.w.s.WelcomePageHandlerMapping [WelcomePageHandlerMapping.java:61] Adding welcome page template: index
2020-02-17 10:28:32,882 INFO [main] c.n.c.MapperTests [StartupInfoLogger.java:59] Started MapperTests in 3.265 seconds (JVM running for 4.156)
2020-02-17 10:28:33,277 INFO [main] c.z.h.HikariDataSource [HikariDataSource.java:110] HikariPool-1 - Starting...
2020-02-17 10:28:33,419 INFO [main] c.z.h.HikariDataSource [HikariDataSource.java:123] HikariPool-1 - Start completed.
2020-02-17 10:28:33,540 INFO [Thread-2] o.s.s.c.ThreadPoolTaskExecutor [ExecutorConfigurationSupport.java:208] Shutting down ExecutorService 'applicationTaskExecutor'
2020-02-17 10:28:33,543 INFO [Thread-2] c.z.h.HikariDataSource [HikariDataSource.java:350] HikariPool-1 - Shutdown initiated...
2020-02-17 10:28:33,554 INFO [Thread-2] c.z.h.HikariDataSource [HikariDataSource.java:352] HikariPool-1 - Shutdown completed.
