2020-02-23 11:35:17,575 WARN [http-nio-8080-exec-8] o.s.w.s.m.m.a.ExceptionHandlerExceptionResolver [AbstractHandlerExceptionResolver.java:198] Resolved [org.springframework.web.method.annotation.MethodArgumentTypeMismatchException: Failed to convert value of type 'java.lang.String' to required type 'int'; nested exception is java.lang.NumberFormatException: For input string: "my-post.html"]
2020-02-23 15:08:27,942 WARN [http-nio-8080-exec-10] o.s.w.s.m.m.a.ExceptionHandlerExceptionResolver [AbstractHandlerExceptionResolver.java:198] Resolved [org.springframework.jdbc.BadSqlGrammarException: 
### Error querying database.  Cause: java.sql.SQLSyntaxErrorException: Unknown column 'conversationId' in 'where clause'
### The error may exist in file [D:\Program Files\CodeBase\community\target\classes\mapper\message-mapper.xml]
### The error may involve defaultParameterMap
### The error occurred while setting parameters
### SQL: select           id, from_id, to_id, conversation_id, content, status, create_time               from message         where id in (             select max(id) from message             where status != 2             and from_id = 1             and to_id = ?             and conversationId = ?         )
### Cause: java.sql.SQLSyntaxErrorException: Unknown column 'conversationId' in 'where clause'
; bad SQL grammar []; nested exception is java.sql.SQLSyntaxErrorException: Unknown column 'conversationId' in 'where clause']
2020-02-23 15:16:54,779 WARN [http-nio-8080-exec-10] o.s.w.s.m.m.a.ExceptionHandlerExceptionResolver [AbstractHandlerExceptionResolver.java:198] Resolved [org.springframework.jdbc.BadSqlGrammarException: 
### Error querying database.  Cause: java.sql.SQLSyntaxErrorException: You have an error in your SQL syntax; check the manual that corresponds to your MySQL server version for the right syntax to use near 'select count(id) from message
        where status != 2
        and from_id = 1
' at line 4
### The error may exist in file [D:\Program Files\CodeBase\community\target\classes\mapper\message-mapper.xml]
### The error may involve defaultParameterMap
### The error occurred while setting parameters
### SQL: select           id, from_id, to_id, conversation_id, content, status, create_time               select count(id) from message         where status != 2         and from_id = 1         and to_id = ?         and conversation_id = ?
### Cause: java.sql.SQLSyntaxErrorException: You have an error in your SQL syntax; check the manual that corresponds to your MySQL server version for the right syntax to use near 'select count(id) from message
        where status != 2
        and from_id = 1
' at line 4
; bad SQL grammar []; nested exception is java.sql.SQLSyntaxErrorException: You have an error in your SQL syntax; check the manual that corresponds to your MySQL server version for the right syntax to use near 'select count(id) from message
        where status != 2
        and from_id = 1
' at line 4]
2020-02-23 15:19:15,267 WARN [HikariPool-1 housekeeper] c.z.h.p.HikariPool [HikariPool.java:766] HikariPool-1 - Thread starvation or clock leap detected (housekeeper delta=57s336ms803µs500ns).
2020-02-23 15:19:15,395 WARN [org.springframework.kafka.KafkaListenerEndpointContainer#0-0-C-1] o.a.k.c.c.i.ConsumerCoordinator [ConsumerCoordinator.java:737] [Consumer clientId=consumer-2, groupId=community-consumer-group] Asynchronous auto-commit of offsets {comment-0=OffsetAndMetadata{offset=4, metadata=''}, like-0=OffsetAndMetadata{offset=4, metadata=''}, follow-0=OffsetAndMetadata{offset=1, metadata=''}} failed: Commit cannot be completed since the group has already rebalanced and assigned the partitions to another member. This means that the time between subsequent calls to poll() was longer than the configured max.poll.interval.ms, which typically implies that the poll loop is spending too much time message processing. You can address this either by increasing the session timeout or by reducing the maximum size of batches returned in poll() with max.poll.records.
2020-02-23 15:19:15,398 WARN [org.springframework.kafka.KafkaListenerEndpointContainer#0-0-C-1] o.a.k.c.c.i.ConsumerCoordinator [ConsumerCoordinator.java:759] [Consumer clientId=consumer-2, groupId=community-consumer-group] Synchronous auto-commit of offsets {comment-0=OffsetAndMetadata{offset=4, metadata=''}, like-0=OffsetAndMetadata{offset=4, metadata=''}, follow-0=OffsetAndMetadata{offset=1, metadata=''}} failed: Commit cannot be completed since the group has already rebalanced and assigned the partitions to another member. This means that the time between subsequent calls to poll() was longer than the configured max.poll.interval.ms, which typically implies that the poll loop is spending too much time message processing. You can address this either by increasing the session timeout or by reducing the maximum size of batches returned in poll() with max.poll.records.
2020-02-23 15:24:08,647 WARN [HikariPool-1 housekeeper] c.z.h.p.HikariPool [HikariPool.java:766] HikariPool-1 - Thread starvation or clock leap detected (housekeeper delta=4m53s379ms959µs700ns).
2020-02-23 15:24:08,670 WARN [http-nio-8080-exec-6] o.s.w.s.m.m.a.ExceptionHandlerExceptionResolver [AbstractHandlerExceptionResolver.java:198] Resolved [org.springframework.jdbc.BadSqlGrammarException: 
### Error querying database.  Cause: java.sql.SQLSyntaxErrorException: You have an error in your SQL syntax; check the manual that corresponds to your MySQL server version for the right syntax to use near 'select count(id) from message
        where status != 2
        and from_id = 1
' at line 4
### The error may exist in file [D:\Program Files\CodeBase\community\target\classes\mapper\message-mapper.xml]
### The error may involve defaultParameterMap
### The error occurred while setting parameters
### SQL: select           id, from_id, to_id, conversation_id, content, status, create_time               select count(id) from message         where status != 2         and from_id = 1         and to_id = ?         and conversation_id = ?
### Cause: java.sql.SQLSyntaxErrorException: You have an error in your SQL syntax; check the manual that corresponds to your MySQL server version for the right syntax to use near 'select count(id) from message
        where status != 2
        and from_id = 1
' at line 4
; bad SQL grammar []; nested exception is java.sql.SQLSyntaxErrorException: You have an error in your SQL syntax; check the manual that corresponds to your MySQL server version for the right syntax to use near 'select count(id) from message
        where status != 2
        and from_id = 1
' at line 4]
2020-02-23 15:24:08,716 WARN [org.springframework.kafka.KafkaListenerEndpointContainer#0-0-C-1] o.a.k.c.c.i.ConsumerCoordinator [ConsumerCoordinator.java:737] [Consumer clientId=consumer-2, groupId=community-consumer-group] Asynchronous auto-commit of offsets {comment-0=OffsetAndMetadata{offset=4, metadata=''}, like-0=OffsetAndMetadata{offset=4, metadata=''}, follow-0=OffsetAndMetadata{offset=1, metadata=''}} failed: Commit cannot be completed since the group has already rebalanced and assigned the partitions to another member. This means that the time between subsequent calls to poll() was longer than the configured max.poll.interval.ms, which typically implies that the poll loop is spending too much time message processing. You can address this either by increasing the session timeout or by reducing the maximum size of batches returned in poll() with max.poll.records.
2020-02-23 15:24:08,716 WARN [org.springframework.kafka.KafkaListenerEndpointContainer#0-0-C-1] o.a.k.c.c.i.ConsumerCoordinator [ConsumerCoordinator.java:759] [Consumer clientId=consumer-2, groupId=community-consumer-group] Synchronous auto-commit of offsets {comment-0=OffsetAndMetadata{offset=4, metadata=''}, like-0=OffsetAndMetadata{offset=4, metadata=''}, follow-0=OffsetAndMetadata{offset=1, metadata=''}} failed: Commit cannot be completed since the group has already rebalanced and assigned the partitions to another member. This means that the time between subsequent calls to poll() was longer than the configured max.poll.interval.ms, which typically implies that the poll loop is spending too much time message processing. You can address this either by increasing the session timeout or by reducing the maximum size of batches returned in poll() with max.poll.records.
2020-02-23 15:24:22,958 WARN [http-nio-8080-exec-6] o.s.w.s.m.m.a.ExceptionHandlerExceptionResolver [AbstractHandlerExceptionResolver.java:198] Resolved [org.springframework.jdbc.BadSqlGrammarException: 
### Error querying database.  Cause: java.sql.SQLSyntaxErrorException: You have an error in your SQL syntax; check the manual that corresponds to your MySQL server version for the right syntax to use near 'select count(id) from message
        where status != 2
        and from_id = 1
' at line 4
### The error may exist in file [D:\Program Files\CodeBase\community\target\classes\mapper\message-mapper.xml]
### The error may involve defaultParameterMap
### The error occurred while setting parameters
### SQL: select           id, from_id, to_id, conversation_id, content, status, create_time               select count(id) from message         where status != 2         and from_id = 1         and to_id = ?         and conversation_id = ?
### Cause: java.sql.SQLSyntaxErrorException: You have an error in your SQL syntax; check the manual that corresponds to your MySQL server version for the right syntax to use near 'select count(id) from message
        where status != 2
        and from_id = 1
' at line 4
; bad SQL grammar []; nested exception is java.sql.SQLSyntaxErrorException: You have an error in your SQL syntax; check the manual that corresponds to your MySQL server version for the right syntax to use near 'select count(id) from message
        where status != 2
        and from_id = 1
' at line 4]
2020-02-23 18:25:34,643 WARN [http-nio-8080-exec-6] o.s.w.s.m.m.a.ExceptionHandlerExceptionResolver [AbstractHandlerExceptionResolver.java:198] Resolved [org.springframework.web.method.annotation.MethodArgumentTypeMismatchException: Failed to convert value of type 'java.lang.String' to required type 'int'; nested exception is java.lang.NumberFormatException: For input string: "my-reply.html"]
2020-02-23 21:31:50,799 WARN [org.springframework.kafka.KafkaListenerEndpointContainer#0-0-C-1] o.a.k.c.NetworkClient [NetworkClient.java:671] [Consumer clientId=consumer-2, groupId=community-consumer-group] Connection to node 0 could not be established. Broker may not be available.
2020-02-23 21:31:52,905 WARN [org.springframework.kafka.KafkaListenerEndpointContainer#0-0-C-1] o.a.k.c.NetworkClient [NetworkClient.java:671] [Consumer clientId=consumer-2, groupId=community-consumer-group] Connection to node 0 could not be established. Broker may not be available.
