2020-02-17 11:44:03,207 WARN [http-nio-8080-exec-1] o.a.c.u.SessionIdGeneratorBase [DirectJDKLog.java:173] Creation of SecureRandom instance for session ID generation using [SHA1PRNG] took [129] milliseconds.
2020-02-17 11:50:50,268 WARN [http-nio-8080-exec-3] o.a.c.u.SessionIdGeneratorBase [DirectJDKLog.java:173] Creation of SecureRandom instance for session ID generation using [SHA1PRNG] took [128] milliseconds.
2020-02-17 11:55:27,525 WARN [http-nio-8080-exec-3] o.a.c.u.SessionIdGeneratorBase [DirectJDKLog.java:173] Creation of SecureRandom instance for session ID generation using [SHA1PRNG] took [134] milliseconds.
2020-02-17 12:04:09,229 WARN [http-nio-8080-exec-4] o.a.c.u.SessionIdGeneratorBase [DirectJDKLog.java:173] Creation of SecureRandom instance for session ID generation using [SHA1PRNG] took [127] milliseconds.
2020-02-17 12:05:16,689 WARN [http-nio-8080-exec-1] o.a.c.u.SessionIdGeneratorBase [DirectJDKLog.java:173] Creation of SecureRandom instance for session ID generation using [SHA1PRNG] took [127] milliseconds.
2020-02-17 12:11:29,330 WARN [http-nio-8080-exec-3] o.a.c.u.SessionIdGeneratorBase [DirectJDKLog.java:173] Creation of SecureRandom instance for session ID generation using [SHA1PRNG] took [123] milliseconds.
2020-02-17 12:13:13,703 WARN [http-nio-8080-exec-5] o.a.c.u.SessionIdGeneratorBase [DirectJDKLog.java:173] Creation of SecureRandom instance for session ID generation using [SHA1PRNG] took [125] milliseconds.
2020-02-17 12:30:45,082 WARN [http-nio-8080-exec-7] o.a.c.u.SessionIdGeneratorBase [DirectJDKLog.java:173] Creation of SecureRandom instance for session ID generation using [SHA1PRNG] took [127] milliseconds.
2020-02-17 12:51:54,065 WARN [http-nio-8080-exec-7] o.a.c.u.SessionIdGeneratorBase [DirectJDKLog.java:173] Creation of SecureRandom instance for session ID generation using [SHA1PRNG] took [126] milliseconds.
2020-02-17 13:14:28,884 WARN [http-nio-8080-exec-4] o.a.c.u.SessionIdGeneratorBase [DirectJDKLog.java:173] Creation of SecureRandom instance for session ID generation using [SHA1PRNG] took [125] milliseconds.
2020-02-17 13:16:28,034 WARN [http-nio-8080-exec-5] o.a.c.u.SessionIdGeneratorBase [DirectJDKLog.java:173] Creation of SecureRandom instance for session ID generation using [SHA1PRNG] took [126] milliseconds.
2020-02-17 13:18:06,697 WARN [http-nio-8080-exec-10] o.a.c.u.SessionIdGeneratorBase [DirectJDKLog.java:173] Creation of SecureRandom instance for session ID generation using [SHA1PRNG] took [130] milliseconds.
2020-02-17 13:20:13,241 WARN [http-nio-8080-exec-1] o.s.w.s.m.s.DefaultHandlerExceptionResolver [AbstractHandlerExceptionResolver.java:198] Resolved [org.springframework.web.HttpRequestMethodNotSupportedException: Request method 'GET' not supported]
2020-02-17 13:20:30,203 WARN [http-nio-8080-exec-5] o.a.c.u.SessionIdGeneratorBase [DirectJDKLog.java:173] Creation of SecureRandom instance for session ID generation using [SHA1PRNG] took [128] milliseconds.
2020-02-17 13:36:41,282 WARN [restartedMain] o.s.b.w.s.c.AnnotationConfigServletWebServerApplicationContext [AbstractApplicationContext.java:557] Exception encountered during context initialization - cancelling refresh attempt: org.springframework.beans.factory.BeanCreationException: Error creating bean with name 'requestMappingHandlerMapping' defined in class path resource [org/springframework/boot/autoconfigure/web/servlet/WebMvcAutoConfiguration$EnableWebMvcConfiguration.class]: Bean instantiation via factory method failed; nested exception is org.springframework.beans.BeanInstantiationException: Failed to instantiate [org.springframework.web.servlet.mvc.method.annotation.RequestMappingHandlerMapping]: Factory method 'requestMappingHandlerMapping' threw exception; nested exception is java.lang.IllegalArgumentException: Interceptor is required
2020-02-17 13:37:03,290 WARN [restartedMain] o.s.b.w.s.c.AnnotationConfigServletWebServerApplicationContext [AbstractApplicationContext.java:557] Exception encountered during context initialization - cancelling refresh attempt: org.springframework.beans.factory.BeanCreationException: Error creating bean with name 'requestMappingHandlerMapping' defined in class path resource [org/springframework/boot/autoconfigure/web/servlet/WebMvcAutoConfiguration$EnableWebMvcConfiguration.class]: Bean instantiation via factory method failed; nested exception is org.springframework.beans.BeanInstantiationException: Failed to instantiate [org.springframework.web.servlet.mvc.method.annotation.RequestMappingHandlerMapping]: Factory method 'requestMappingHandlerMapping' threw exception; nested exception is java.lang.IllegalArgumentException: Interceptor is required
2020-02-17 13:39:25,933 WARN [http-nio-8080-exec-7] o.a.c.u.SessionIdGeneratorBase [DirectJDKLog.java:173] Creation of SecureRandom instance for session ID generation using [SHA1PRNG] took [127] milliseconds.
2020-02-17 13:46:24,965 WARN [http-nio-8080-exec-2] o.a.c.u.SessionIdGeneratorBase [DirectJDKLog.java:173] Creation of SecureRandom instance for session ID generation using [SHA1PRNG] took [127] milliseconds.
2020-02-17 13:46:55,153 WARN [http-nio-8080-exec-1] o.a.c.u.SessionIdGeneratorBase [DirectJDKLog.java:173] Creation of SecureRandom instance for session ID generation using [SHA1PRNG] took [121] milliseconds.
2020-02-17 13:53:25,179 WARN [http-nio-8080-exec-1] o.a.c.u.SessionIdGeneratorBase [DirectJDKLog.java:173] Creation of SecureRandom instance for session ID generation using [SHA1PRNG] took [113] milliseconds.
2020-02-17 14:21:37,835 WARN [http-nio-8080-exec-4] o.a.c.u.SessionIdGeneratorBase [DirectJDKLog.java:173] Creation of SecureRandom instance for session ID generation using [SHA1PRNG] took [122] milliseconds.
2020-02-17 14:26:30,726 WARN [http-nio-8080-exec-1] o.a.c.u.SessionIdGeneratorBase [DirectJDKLog.java:173] Creation of SecureRandom instance for session ID generation using [SHA1PRNG] took [116] milliseconds.
2020-02-17 14:31:21,134 WARN [http-nio-8080-exec-1] o.a.c.u.SessionIdGeneratorBase [DirectJDKLog.java:173] Creation of SecureRandom instance for session ID generation using [SHA1PRNG] took [115] milliseconds.
2020-02-17 14:43:59,574 WARN [http-nio-8080-exec-4] o.a.c.u.SessionIdGeneratorBase [DirectJDKLog.java:173] Creation of SecureRandom instance for session ID generation using [SHA1PRNG] took [125] milliseconds.
2020-02-17 18:01:58,447 WARN [restartedMain] o.s.b.d.a.OptionalLiveReloadServer [OptionalLiveReloadServer.java:61] Unable to start LiveReload server
2020-02-17 18:05:03,349 WARN [HikariPool-1 housekeeper] c.z.h.p.HikariPool [HikariPool.java:766] HikariPool-1 - Thread starvation or clock leap detected (housekeeper delta=1m32s856ms806µs).
2020-02-17 18:10:12,224 WARN [http-nio-8080-exec-6] o.a.c.u.SessionIdGeneratorBase [DirectJDKLog.java:173] Creation of SecureRandom instance for session ID generation using [SHA1PRNG] took [128] milliseconds.
2020-02-17 18:14:46,226 WARN [http-nio-8080-exec-1] o.a.c.u.SessionIdGeneratorBase [DirectJDKLog.java:173] Creation of SecureRandom instance for session ID generation using [SHA1PRNG] took [122] milliseconds.
2020-02-17 19:49:01,570 WARN [http-nio-8080-exec-9] o.a.c.u.SessionIdGeneratorBase [DirectJDKLog.java:173] Creation of SecureRandom instance for session ID generation using [SHA1PRNG] took [128] milliseconds.
2020-02-17 22:33:28,632 WARN [http-nio-8080-exec-5] o.a.c.u.SessionIdGeneratorBase [DirectJDKLog.java:173] Creation of SecureRandom instance for session ID generation using [SHA1PRNG] took [133] milliseconds.
2020-02-17 22:40:51,272 WARN [HikariPool-1 housekeeper] c.z.h.p.HikariPool [HikariPool.java:766] HikariPool-1 - Thread starvation or clock leap detected (housekeeper delta=46s472ms461µs100ns).
2020-02-17 22:51:23,944 WARN [HikariPool-1 housekeeper] c.z.h.p.HikariPool [HikariPool.java:766] HikariPool-1 - Thread starvation or clock leap detected (housekeeper delta=9m15s905ms462µs700ns).
2020-02-17 22:53:07,417 WARN [http-nio-8080-exec-10] o.a.c.u.SessionIdGeneratorBase [DirectJDKLog.java:173] Creation of SecureRandom instance for session ID generation using [SHA1PRNG] took [136] milliseconds.
